<?xml version="1.0" encoding="UTF-8"?>
<!-- Generated by org.testng.reporters.JUnitReportReporter -->
<testsuite hostname="DESKTOP-78USUFD" failures="0" tests="2" name="com.restfulBooker.RestfulBookerSmoke" time="2.604" errors="0" timestamp="2023-06-02T09:56:36 CEST" skipped="0">
  <testcase classname="com.restfulBooker.RestfulBookerSmoke" name="UserRegistration" time="1.814"/>
  <system-out/>
  <testcase classname="com.restfulBooker.RestfulBookerSmoke" name="CreateBooking" time="0.790"/>
  <system-out/>
</testsuite> <!-- com.restfulBooker.RestfulBookerSmoke -->
