<?xml version="1.0" encoding="UTF-8"?>
<!-- Generated by org.testng.reporters.JUnitReportReporter -->
<testsuite hostname="DESKTOP-78USUFD" failures="0" tests="2" name="com.restfulBooker.RestfulBookerSmokeTest" time="2.497" errors="0" timestamp="2023-06-01T16:47:02 CEST" skipped="0">
  <testcase classname="com.restfulBooker.RestfulBookerSmokeTest" name="testUserRegistration" time="1.754"/>
  <system-out/>
  <testcase classname="com.restfulBooker.RestfulBookerSmokeTest" name="testCreateBooking" time="0.743"/>
  <system-out/>
</testsuite> <!-- com.restfulBooker.RestfulBookerSmokeTest -->
