<?xml version="1.0" encoding="UTF-8"?>
<!-- Generated by org.testng.reporters.JUnitReportReporter -->
<testsuite hostname="DESKTOP-78USUFD" failures="0" tests="1" name="com.restfulBooker.HealthCheck" time="1.690" errors="0" timestamp="2023-06-01T22:27:22 CEST" skipped="0">
  <testcase classname="com.restfulBooker.HealthCheck" name="pingAPI" time="1.690"/>
  <system-out/>
</testsuite> <!-- com.restfulBooker.HealthCheck -->
